<?xml version="1.0" encoding="UTF-8"?>
<!-- Generated by org.testng.reporters.JUnitReportReporter -->
<testsuite hostname="DESKTOP-6EVPK3P" failures="0" tests="2" name="com.marketplace.www.Selenium_Automation.ErrorValidations" time="15.090" errors="0" timestamp="2023-02-12T21:11:57 IST" skipped="0">
  <testcase classname="com.marketplace.www.Selenium_Automation.ErrorValidations" name="LoginErrorValidation" time="5.212"/>
  <system-out/>
  <testcase classname="com.marketplace.www.Selenium_Automation.ErrorValidations" name="ProductErrorValidation" time="9.878"/>
  <system-out/>
</testsuite> <!-- com.marketplace.www.Selenium_Automation.ErrorValidations -->
